# JRE version: OpenJDK Runtime Environment (7.0_91-b02) (build 1.7.0_91-b02)
# Java VM: OpenJDK Server VM (24.91-b01 mixed mode linux-x86 )
Heap
 PSYoungGen      total 34304K, used 3902K [0x9dbc0000, 0xa1ec0000, 0xb3140000)
  eden space 31744K, 4% used [0x9dbc0000,0x9dd11a58,0x9fac0000)
  from space 2560K, 99% used [0x9fac0000,0x9fd3e070,0x9fd40000)
  to   space 2560K, 0% used [0xa1c40000,0xa1c40000,0xa1ec0000)
 ParOldGen       total 41984K, used 8386K [0x73140000, 0x75a40000, 0x9dbc0000)
  object space 41984K, 19% used [0x73140000,0x739709d8,0x75a40000)
 PSPermGen       total 16384K, used 4212K [0x6b140000, 0x6c140000, 0x73140000)
  object space 16384K, 25% used [0x6b140000,0x6b55d230,0x6c140000)
GC Heap History (6 events):
Event: 2,326 GC heap before
{Heap before GC invocations=1 (full 0):
 PSYoungGen      total 18432K, used 15872K [0x9dbc0000, 0x9f040000, 0xb3140000)
  eden space 15872K, 100% used [0x9dbc0000,0x9eb40000,0x9eb40000)
  from space 2560K, 0% used [0x9edc0000,0x9edc0000,0x9f040000)
  to   space 2560K, 0% used [0x9eb40000,0x9eb40000,0x9edc0000)
 ParOldGen       total 41984K, used 0K [0x73140000, 0x75a40000, 0x9dbc0000)
  object space 41984K, 0% used [0x73140000,0x73140000,0x75a40000)
 PSPermGen       total 16384K, used 4036K [0x6b140000, 0x6c140000, 0x73140000)
  object space 16384K, 24% used [0x6b140000,0x6b5311b0,0x6c140000)
Event: 2,350 GC heap after
Heap after GC invocations=1 (full 0):
 PSYoungGen      total 18432K, used 2546K [0x9dbc0000, 0x9ffc0000, 0xb3140000)
  eden space 15872K, 0% used [0x9dbc0000,0x9dbc0000,0x9eb40000)
  from space 2560K, 99% used [0x9eb40000,0x9edbca38,0x9edc0000)
  to   space 2560K, 0% used [0x9fd40000,0x9fd40000,0x9ffc0000)
 ParOldGen       total 41984K, used 1481K [0x73140000, 0x75a40000, 0x9dbc0000)
  object space 41984K, 3% used [0x73140000,0x732b25b0,0x75a40000)
 PSPermGen       total 16384K, used 4036K [0x6b140000, 0x6c140000, 0x73140000)
  object space 16384K, 24% used [0x6b140000,0x6b5311b0,0x6c140000)
}
Event: 3,881 GC heap before
{Heap before GC invocations=2 (full 0):
 PSYoungGen      total 18432K, used 18418K [0x9dbc0000, 0x9ffc0000, 0xb3140000)
  eden space 15872K, 100% used [0x9dbc0000,0x9eb40000,0x9eb40000)
  from space 2560K, 99% used [0x9eb40000,0x9edbca38,0x9edc0000)
  to   space 2560K, 0% used [0x9fd40000,0x9fd40000,0x9ffc0000)
 ParOldGen       total 41984K, used 1481K [0x73140000, 0x75a40000, 0x9dbc0000)
  object space 41984K, 3% used [0x73140000,0x732b25b0,0x75a40000)
 PSPermGen       total 16384K, used 4146K [0x6b140000, 0x6c140000, 0x73140000)
  object space 16384K, 25% used [0x6b140000,0x6b54c910,0x6c140000)
Event: 3,908 GC heap after
Heap after GC invocations=2 (full 0):
 PSYoungGen      total 34304K, used 2552K [0x9dbc0000, 0x9ffc0000, 0xb3140000)
  eden space 31744K, 0% used [0x9dbc0000,0x9dbc0000,0x9fac0000)
  from space 2560K, 99% used [0x9fd40000,0x9ffbe2f8,0x9ffc0000)
  to   space 2560K, 0% used [0x9fac0000,0x9fac0000,0x9fd40000)
 ParOldGen       total 41984K, used 4044K [0x73140000, 0x75a40000, 0x9dbc0000)
  object space 41984K, 9% used [0x73140000,0x73533000,0x75a40000)
 PSPermGen       total 16384K, used 4146K [0x6b140000, 0x6c140000, 0x73140000)
  object space 16384K, 25% used [0x6b140000,0x6b54c910,0x6c140000)
}
Event: 8,071 GC heap before
{Heap before GC invocations=3 (full 0):
 PSYoungGen      total 34304K, used 34296K [0x9dbc0000, 0x9ffc0000, 0xb3140000)
  eden space 31744K, 100% used [0x9dbc0000,0x9fac0000,0x9fac0000)
  from space 2560K, 99% used [0x9fd40000,0x9ffbe2f8,0x9ffc0000)
  to   space 2560K, 0% used [0x9fac0000,0x9fac0000,0x9fd40000)
 ParOldGen       total 41984K, used 4044K [0x73140000, 0x75a40000, 0x9dbc0000)
  object space 41984K, 9% used [0x73140000,0x73533000,0x75a40000)
 PSPermGen       total 16384K, used 4186K [0x6b140000, 0x6c140000, 0x73140000)
  object space 16384K, 25% used [0x6b140000,0x6b5569a0,0x6c140000)
Event: 8,192 GC heap after
Heap after GC invocations=3 (full 0):
 PSYoungGen      total 34304K, used 2552K [0x9dbc0000, 0xa1ec0000, 0xb3140000)
  eden space 31744K, 0% used [0x9dbc0000,0x9dbc0000,0x9fac0000)
  from space 2560K, 99% used [0x9fac0000,0x9fd3e070,0x9fd40000)
  to   space 2560K, 0% used [0xa1c40000,0xa1c40000,0xa1ec0000)
 ParOldGen       total 41984K, used 8386K [0x73140000, 0x75a40000, 0x9dbc0000)
  object space 41984K, 19% used [0x73140000,0x739709d8,0x75a40000)
 PSPermGen       total 16384K, used 4186K [0x6b140000, 0x6c140000, 0x73140000)
  object space 16384K, 25% used [0x6b140000,0x6b5569a0,0x6c140000)
}

