# JRE version: OpenJDK Runtime Environment (7.0_91-b02) (build 1.7.0_91-b02)
# Java VM: OpenJDK Server VM (24.91-b01 mixed mode linux-x86 )
Heap
 PSYoungGen      total 66048K, used 10494K [0x9db80000, 0xa1e80000, 0xb3100000)
  eden space 63488K, 12% used [0x9db80000,0x9e341ad8,0xa1980000)
  from space 2560K, 99% used [0xa1c00000,0xa1e7dfc0,0xa1e80000)
  to   space 2560K, 0% used [0xa1980000,0xa1980000,0xa1c00000)
 ParOldGen       total 41984K, used 12738K [0x73100000, 0x75a00000, 0x9db80000)
  object space 41984K, 30% used [0x73100000,0x73d70b10,0x75a00000)
 PSPermGen       total 16384K, used 4199K [0x6b100000, 0x6c100000, 0x73100000)
  object space 16384K, 25% used [0x6b100000,0x6b519ea8,0x6c100000)
GC Heap History (8 events):
Event: 2,274 GC heap before
{Heap before GC invocations=1 (full 0):
 PSYoungGen      total 18432K, used 15872K [0x9db80000, 0x9f000000, 0xb3100000)
  eden space 15872K, 100% used [0x9db80000,0x9eb00000,0x9eb00000)
  from space 2560K, 0% used [0x9ed80000,0x9ed80000,0x9f000000)
  to   space 2560K, 0% used [0x9eb00000,0x9eb00000,0x9ed80000)
 ParOldGen       total 41984K, used 0K [0x73100000, 0x75a00000, 0x9db80000)
  object space 41984K, 0% used [0x73100000,0x73100000,0x75a00000)
 PSPermGen       total 16384K, used 3978K [0x6b100000, 0x6c100000, 0x73100000)
  object space 16384K, 24% used [0x6b100000,0x6b4e2be8,0x6c100000)
Event: 2,409 GC heap after
Heap after GC invocations=1 (full 0):
 PSYoungGen      total 18432K, used 2555K [0x9db80000, 0x9ff80000, 0xb3100000)
  eden space 15872K, 0% used [0x9db80000,0x9db80000,0x9eb00000)
  from space 2560K, 99% used [0x9eb00000,0x9ed7ef18,0x9ed80000)
  to   space 2560K, 0% used [0x9fd00000,0x9fd00000,0x9ff80000)
 ParOldGen       total 41984K, used 976K [0x73100000, 0x75a00000, 0x9db80000)
  object space 41984K, 2% used [0x73100000,0x731f4178,0x75a00000)
 PSPermGen       total 16384K, used 3978K [0x6b100000, 0x6c100000, 0x73100000)
  object space 16384K, 24% used [0x6b100000,0x6b4e2be8,0x6c100000)
}
Event: 3,973 GC heap before
{Heap before GC invocations=2 (full 0):
 PSYoungGen      total 18432K, used 18427K [0x9db80000, 0x9ff80000, 0xb3100000)
  eden space 15872K, 100% used [0x9db80000,0x9eb00000,0x9eb00000)
  from space 2560K, 99% used [0x9eb00000,0x9ed7ef18,0x9ed80000)
  to   space 2560K, 0% used [0x9fd00000,0x9fd00000,0x9ff80000)
 ParOldGen       total 41984K, used 976K [0x73100000, 0x75a00000, 0x9db80000)
  object space 41984K, 2% used [0x73100000,0x731f4178,0x75a00000)
 PSPermGen       total 16384K, used 4122K [0x6b100000, 0x6c100000, 0x73100000)
  object space 16384K, 25% used [0x6b100000,0x6b506ba0,0x6c100000)
Event: 3,991 GC heap after
Heap after GC invocations=2 (full 0):
 PSYoungGen      total 34304K, used 2555K [0x9db80000, 0x9ff80000, 0xb3100000)
  eden space 31744K, 0% used [0x9db80000,0x9db80000,0x9fa80000)
  from space 2560K, 99% used [0x9fd00000,0x9ff7ece8,0x9ff80000)
  to   space 2560K, 0% used [0x9fa80000,0x9fa80000,0x9fd00000)
 ParOldGen       total 41984K, used 2916K [0x73100000, 0x75a00000, 0x9db80000)
  object space 41984K, 6% used [0x73100000,0x733d9380,0x75a00000)
 PSPermGen       total 16384K, used 4122K [0x6b100000, 0x6c100000, 0x73100000)
  object space 16384K, 25% used [0x6b100000,0x6b506ba0,0x6c100000)
}
Event: 6,996 GC heap before
{Heap before GC invocations=3 (full 0):
 PSYoungGen      total 34304K, used 34299K [0x9db80000, 0x9ff80000, 0xb3100000)
  eden space 31744K, 100% used [0x9db80000,0x9fa80000,0x9fa80000)
  from space 2560K, 99% used [0x9fd00000,0x9ff7ece8,0x9ff80000)
  to   space 2560K, 0% used [0x9fa80000,0x9fa80000,0x9fd00000)
 ParOldGen       total 41984K, used 2916K [0x73100000, 0x75a00000, 0x9db80000)
  object space 41984K, 6% used [0x73100000,0x733d9380,0x75a00000)
 PSPermGen       total 16384K, used 4176K [0x6b100000, 0x6c100000, 0x73100000)
  object space 16384K, 25% used [0x6b100000,0x6b514168,0x6c100000)
Event: 7,093 GC heap after
Heap after GC invocations=3 (full 0):
 PSYoungGen      total 34304K, used 2545K [0x9db80000, 0xa1e80000, 0xb3100000)
  eden space 31744K, 0% used [0x9db80000,0x9db80000,0x9fa80000)
  from space 2560K, 99% used [0x9fa80000,0x9fcfc7c0,0x9fd00000)
  to   space 2560K, 0% used [0xa1c00000,0xa1c00000,0xa1e80000)
 ParOldGen       total 41984K, used 7855K [0x73100000, 0x75a00000, 0x9db80000)
  object space 41984K, 18% used [0x73100000,0x738abda0,0x75a00000)
 PSPermGen       total 16384K, used 4176K [0x6b100000, 0x6c100000, 0x73100000)
  object space 16384K, 25% used [0x6b100000,0x6b514168,0x6c100000)
}
Event: 9,604 GC heap before
{Heap before GC invocations=4 (full 0):
 PSYoungGen      total 34304K, used 34289K [0x9db80000, 0xa1e80000, 0xb3100000)
  eden space 31744K, 100% used [0x9db80000,0x9fa80000,0x9fa80000)
  from space 2560K, 99% used [0x9fa80000,0x9fcfc7c0,0x9fd00000)
  to   space 2560K, 0% used [0xa1c00000,0xa1c00000,0xa1e80000)
 ParOldGen       total 41984K, used 7855K [0x73100000, 0x75a00000, 0x9db80000)
  object space 41984K, 18% used [0x73100000,0x738abda0,0x75a00000)
 PSPermGen       total 16384K, used 4197K [0x6b100000, 0x6c100000, 0x73100000)
  object space 16384K, 25% used [0x6b100000,0x6b519428,0x6c100000)
Event: 9,711 GC heap after
Heap after GC invocations=4 (full 0):
 PSYoungGen      total 66048K, used 2551K [0x9db80000, 0xa1e80000, 0xb3100000)
  eden space 63488K, 0% used [0x9db80000,0x9db80000,0xa1980000)
  from space 2560K, 99% used [0xa1c00000,0xa1e7dfc0,0xa1e80000)
  to   space 2560K, 0% used [0xa1980000,0xa1980000,0xa1c00000)
 ParOldGen       total 41984K, used 12738K [0x73100000, 0x75a00000, 0x9db80000)
  object space 41984K, 30% used [0x73100000,0x73d70b10,0x75a00000)
 PSPermGen       total 16384K, used 4197K [0x6b100000, 0x6c100000, 0x73100000)
  object space 16384K, 25% used [0x6b100000,0x6b519428,0x6c100000)
}

